08 Apr 2014 23:17:23,904 [main                ] [DEBUG]: ConfigurationUtils.locate(): base is null, name is bot_esper.plist
08 Apr 2014 23:17:23,905 [main                ] [DEBUG]: Could not locate file bot_esper.plist at null: no protocol: bot_esper.plist
08 Apr 2014 23:17:23,915 [main                ] [DEBUG]: Loading configuration from the path bot_esper.plist
08 Apr 2014 23:17:23,996 [main                ] [DEBUG]: Loading plugins: [Core]
08 Apr 2014 23:17:24,002 [main                ] [DEBUG]: The following files passed the filter: []
08 Apr 2014 23:17:24,003 [main                ] [INFO ]: Starting IrcBot[irc.esper.net:6667]
08 Apr 2014 23:17:24,455 [main                ] [INFO ]: [→] :nova.esper.net NOTICE * :*** Looking up your hostname...
08 Apr 2014 23:17:24,842 [main                ] [INFO ]: [→] :nova.esper.net NOTICE * :*** Checking Ident
08 Apr 2014 23:17:24,843 [main                ] [INFO ]: [→] :nova.esper.net NOTICE * :*** Found your hostname
08 Apr 2014 23:17:26,846 [main                ] [INFO ]: [←] NICK Feeder
08 Apr 2014 23:17:26,847 [main                ] [INFO ]: [←] USER Feeder * * :Public RSS Feed Bot
08 Apr 2014 23:17:31,317 [irc.esper.net:6667  ] [INFO ]: [→] :nova.esper.net NOTICE * :*** No Ident response
08 Apr 2014 23:17:31,726 [irc.esper.net:6667  ] [INFO ]: [→] PING :FFFFFFFFF5807CC8
08 Apr 2014 23:18:02,735 [irc.esper.net:6667  ] [INFO ]: [→] ERROR :Closing Link: i59F56612.versanet.de (Connection timed out)
08 Apr 2014 23:21:05,323 [main                ] [DEBUG]: ConfigurationUtils.locate(): base is null, name is bot_esper.plist
08 Apr 2014 23:21:05,324 [main                ] [DEBUG]: Could not locate file bot_esper.plist at null: no protocol: bot_esper.plist
08 Apr 2014 23:21:05,330 [main                ] [DEBUG]: Loading configuration from the path bot_esper.plist
08 Apr 2014 23:21:05,386 [main                ] [DEBUG]: Loading plugins: [Core]
08 Apr 2014 23:21:05,391 [main                ] [DEBUG]: The following files passed the filter: []
08 Apr 2014 23:21:05,391 [main                ] [INFO ]: Starting IrcBot[irc.esper.net:6667]
08 Apr 2014 23:21:05,790 [main                ] [INFO ]: [→] :nova.esper.net NOTICE * :*** Looking up your hostname...
08 Apr 2014 23:21:06,183 [main                ] [INFO ]: [→] :nova.esper.net NOTICE * :*** Checking Ident
08 Apr 2014 23:21:06,573 [main                ] [INFO ]: [→] :nova.esper.net NOTICE * :*** Found your hostname
08 Apr 2014 23:21:08,576 [main                ] [INFO ]: [←] NICK Feeder
08 Apr 2014 23:21:08,577 [main                ] [INFO ]: [←] USER Feeder * * :Public RSS Feed Bot
08 Apr 2014 23:21:10,831 [irc.esper.net:6667  ] [INFO ]: [→] :nova.esper.net NOTICE * :*** No Ident response
08 Apr 2014 23:21:11,191 [irc.esper.net:6667  ] [INFO ]: [→] PING :686F84E4
